Build started 16/06/2017 17:30:34.
     1>Project "C:\Users\Victor\Documents\Visual Studio 2010\Projects\Neural Net 2\Neural Net 2\Neural Net 2.vcxproj" on node 2 (build target(s)).
     1>InitializeBuildStatus:
         Creating "Debug\Neural Net 2.unsuccessfulbuild" because "AlwaysCreate" was specified.
       ClCompile:
         c:\Program Files (x86)\Microsoft Visual Studio 10.0\VC\bin\CL.exe /c /ZI /nologo /W3 /WX- /Od /Oy- /D WIN32 /D _DEBUG /D _CONSOLE /D _UNICODE /D UNICODE /Gm /EHsc /RTC1 /MDd /GS /fp:precise /Zc:wchar_t /Zc:forScope /Fo"Debug\\" /Fd"Debug\vc100.pdb" /Gd /TP /analyze- /errorReport:prompt Main.cpp Red.cpp
         Main.cpp
     1>c:\users\victor\documents\visual studio 2010\projects\neural net 2\neural net 2\main.cpp(10): warning C4244: 'argumento' : conversión de 'time_t' a 'unsigned int'; posible pérdida de datos
     1>c:\users\victor\documents\visual studio 2010\projects\neural net 2\neural net 2\main.cpp(19): warning C4996: 'getch': The POSIX name for this item is deprecated. Instead, use the ISO C++ conformant name: _getch. See online help for details.
                 c:\program files (x86)\microsoft visual studio 10.0\vc\include\conio.h(128) : vea la declaración de 'getch'
         Generando código...
         Omitiendo... (no se detectaron cambios relevantes)
         Red.cpp
       ManifestResourceCompile:
         All outputs are up-to-date.
       Link:
         c:\Program Files (x86)\Microsoft Visual Studio 10.0\VC\bin\link.exe /ERRORREPORT:PROMPT /OUT:"C:\Users\Victor\Documents\Visual Studio 2010\Projects\Neural Net 2\Debug\Neural Net 2.exe" /INCREMENTAL /NOLOGO kernel32.lib user32.lib gdi32.lib winspool.lib comdlg32.lib advapi32.lib shell32.lib ole32.lib oleaut32.lib uuid.lib odbc32.lib odbccp32.lib /MANIFEST /ManifestFile:"Debug\Neural Net 2.exe.intermediate.manifest" /MANIFESTUAC:"level='asInvoker' uiAccess='false'" /DEBUG /PDB:"C:\Users\Victor\Documents\Visual Studio 2010\Projects\Neural Net 2\Debug\Neural Net 2.pdb" /SUBSYSTEM:CONSOLE /TLBID:1 /DYNAMICBASE /NXCOMPAT /IMPLIB:"C:\Users\Victor\Documents\Visual Studio 2010\Projects\Neural Net 2\Debug\Neural Net 2.lib" /MACHINE:X86 "Debug\Neural Net 2.exe.embed.manifest.res"
         Debug\Main.obj
         Debug\Neurona.obj
         Debug\Red.obj
       Manifest:
         C:\Program Files (x86)\Microsoft SDKs\Windows\v7.0A\bin\mt.exe /nologo /verbose /out:"Debug\Neural Net 2.exe.embed.manifest" /manifest "Debug\Neural Net 2.exe.intermediate.manifest"
         All outputs are up-to-date.
       LinkEmbedManifest:
         All outputs are up-to-date.
         Neural Net 2.vcxproj -> C:\Users\Victor\Documents\Visual Studio 2010\Projects\Neural Net 2\Debug\Neural Net 2.exe
       FinalizeBuildStatus:
         Deleting file "Debug\Neural Net 2.unsuccessfulbuild".
         Touching "Debug\Neural Net 2.lastbuildstate".
     1>Done Building Project "C:\Users\Victor\Documents\Visual Studio 2010\Projects\Neural Net 2\Neural Net 2\Neural Net 2.vcxproj" (build target(s)).

Compilación correcta.

Time Elapsed 00:00:00.89
